[26-Jul-2017 19:23:09 Asia/Shanghai] PHP Parse error:  syntax error, unexpected '&&' (T_BOOLEAN_AND) in F:\themeroot\theme1320\wwwroot\dede\login.php on line 66
[26-Jul-2017 19:23:09 Asia/Shanghai] PHP Parse error:  syntax error, unexpected '&&' (T_BOOLEAN_AND) in F:\themeroot\theme1320\wwwroot\dede\login.php on line 66
[26-Jul-2017 19:23:14 Asia/Shanghai] PHP Parse error:  syntax error, unexpected '&&' (T_BOOLEAN_AND) in F:\themeroot\theme1320\wwwroot\dede\login.php on line 66
[26-Jul-2017 19:23:15 Asia/Shanghai] PHP Parse error:  syntax error, unexpected '&&' (T_BOOLEAN_AND) in F:\themeroot\theme1320\wwwroot\dede\login.php on line 66
[26-Jul-2017 19:23:31 Asia/Shanghai] PHP Parse error:  syntax error, unexpected '&&' (T_BOOLEAN_AND) in F:\themeroot\theme1320\wwwroot\dede\login.php on line 66
[26-Jul-2017 19:23:32 Asia/Shanghai] PHP Parse error:  syntax error, unexpected '&&' (T_BOOLEAN_AND) in F:\themeroot\theme1320\wwwroot\dede\login.php on line 66
[28-Jul-2017 21:41:22 Etc/GMT-8] PHP Fatal error:  Call to a member function IsLogin() on a non-object in F:\themeroot\theme1320\wwwroot\yak\diy_config.php on line 49
[28-Jul-2017 21:45:55 Etc/GMT-8] PHP Fatal error:  Call to a member function getUserID() on a non-object in F:\themeroot\theme1320\wwwroot\yak\diy_config.php on line 54
[28-Jul-2017 21:46:37 Etc/GMT-8] PHP Fatal error:  Call to a member function getUserName() on a non-object in F:\themeroot\theme1320\wwwroot\yak\diy.php on line 120
[28-Jul-2017 21:46:51 Etc/GMT-8] PHP Fatal error:  Call to a member function getUserName() on a non-object in F:\themeroot\theme1320\wwwroot\yak\diy.php on line 120
[28-Jul-2017 21:47:18 Etc/GMT-8] PHP Fatal error:  Call to a member function getUserName() on a non-object in F:\themeroot\theme1320\wwwroot\yak\diy.php on line 120
[29-Jul-2017 19:41:29 Etc/GMT-8] PHP Fatal error:  Call to a member function GetInnerText() on a non-object in F:\themeroot\theme1320\wwwroot\include\customfields.func.php on line 539
[29-Jul-2017 19:41:41 Etc/GMT-8] PHP Fatal error:  Call to a member function GetInnerText() on a non-object in F:\themeroot\theme1320\wwwroot\include\customfields.func.php on line 539
[29-Jul-2017 21:06:37 Etc/GMT-8] PHP Fatal error:  Call to a member function GetInnerText() on a non-object in F:\themeroot\theme1320\wwwroot\include\customfields.func.php on line 539
[31-Jul-2017 08:57:13 Etc/GMT-8] PHP Fatal error:  Call to a member function GetInnerText() on a non-object in F:\themeroot\theme1320\wwwroot\include\customfields.func.php on line 539
[31-Jul-2017 09:00:23 Etc/GMT-8] PHP Fatal error:  Call to a member function GetInnerText() on a non-object in F:\themeroot\theme1320\wwwroot\include\customfields.func.php on line 539
[31-Jul-2017 11:12:15 Etc/GMT-8] PHP Fatal error:  Call to a member function GetInnerText() on a non-object in F:\themeroot\theme1320\wwwroot\include\customfields.func.php on line 539
[31-Jul-2017 13:34:14 Etc/GMT-8] PHP Fatal error:  Call to a member function GetInnerText() on a non-object in F:\themeroot\theme1320\wwwroot\include\customfields.func.php on line 539
[31-Jul-2017 13:49:17 Etc/GMT-8] PHP Fatal error:  Call to a member function GetInnerText() on a non-object in F:\themeroot\theme1320\wwwroot\include\customfields.func.php on line 539
[31-Jul-2017 13:52:35 Etc/GMT-8] PHP Fatal error:  Call to a member function GetInnerText() on a non-object in F:\themeroot\theme1320\wwwroot\include\customfields.func.php on line 539
[31-Jul-2017 14:43:46 Etc/GMT-8] PHP Fatal error:  Call to a member function GetInnerText() on a non-object in F:\themeroot\theme1320\wwwroot\include\customfields.func.php on line 539
[31-Jul-2017 14:48:19 Etc/GMT-8] PHP Fatal error:  Call to a member function GetInnerText() on a non-object in F:\themeroot\theme1320\wwwroot\include\customfields.func.php on line 539
[31-Jul-2017 14:59:10 Etc/GMT-8] PHP Fatal error:  Call to a member function GetInnerText() on a non-object in F:\themeroot\theme1320\wwwroot\include\customfields.func.php on line 539
[31-Jul-2017 14:59:17 Etc/GMT-8] PHP Fatal error:  Call to a member function GetInnerText() on a non-object in F:\themeroot\theme1320\wwwroot\include\customfields.func.php on line 539
[31-Jul-2017 14:59:26 Etc/GMT-8] PHP Fatal error:  Call to a member function GetInnerText() on a non-object in F:\themeroot\theme1320\wwwroot\include\customfields.func.php on line 539
[31-Jul-2017 14:59:33 Etc/GMT-8] PHP Fatal error:  Call to a member function GetInnerText() on a non-object in F:\themeroot\theme1320\wwwroot\include\customfields.func.php on line 539
[31-Jul-2017 14:59:53 Etc/GMT-8] PHP Fatal error:  Call to a member function GetInnerText() on a non-object in F:\themeroot\theme1320\wwwroot\include\customfields.func.php on line 539
[31-Jul-2017 15:01:50 Etc/GMT-8] PHP Fatal error:  Call to a member function GetInnerText() on a non-object in F:\themeroot\theme1320\wwwroot\include\customfields.func.php on line 539
[31-Jul-2017 15:02:01 Etc/GMT-8] PHP Fatal error:  Call to a member function GetInnerText() on a non-object in F:\themeroot\theme1320\wwwroot\include\customfields.func.php on line 539
[31-Jul-2017 15:02:07 Etc/GMT-8] PHP Fatal error:  Call to a member function GetInnerText() on a non-object in F:\themeroot\theme1320\wwwroot\include\customfields.func.php on line 539
[31-Jul-2017 15:02:10 Etc/GMT-8] PHP Fatal error:  Call to a member function GetInnerText() on a non-object in F:\themeroot\theme1320\wwwroot\include\customfields.func.php on line 539
[31-Jul-2017 15:02:13 Etc/GMT-8] PHP Fatal error:  Call to a member function GetInnerText() on a non-object in F:\themeroot\theme1320\wwwroot\include\customfields.func.php on line 539
[31-Jul-2017 15:02:17 Etc/GMT-8] PHP Fatal error:  Call to a member function GetInnerText() on a non-object in F:\themeroot\theme1320\wwwroot\include\customfields.func.php on line 539
[31-Jul-2017 15:02:37 Etc/GMT-8] PHP Fatal error:  Call to a member function GetInnerText() on a non-object in F:\themeroot\theme1320\wwwroot\include\customfields.func.php on line 539
[31-Jul-2017 15:03:01 Etc/GMT-8] PHP Fatal error:  Call to a member function GetInnerText() on a non-object in F:\themeroot\theme1320\wwwroot\include\customfields.func.php on line 539
[31-Jul-2017 15:03:46 Etc/GMT-8] PHP Fatal error:  Call to a member function GetInnerText() on a non-object in F:\themeroot\theme1320\wwwroot\include\customfields.func.php on line 539
[31-Jul-2017 15:03:58 Etc/GMT-8] PHP Fatal error:  Call to a member function GetInnerText() on a non-object in F:\themeroot\theme1320\wwwroot\include\customfields.func.php on line 539
[31-Jul-2017 15:04:09 Etc/GMT-8] PHP Fatal error:  Call to a member function GetInnerText() on a non-object in F:\themeroot\theme1320\wwwroot\include\customfields.func.php on line 539
[31-Jul-2017 15:04:24 Etc/GMT-8] PHP Fatal error:  Call to a member function GetInnerText() on a non-object in F:\themeroot\theme1320\wwwroot\include\customfields.func.php on line 539
[31-Jul-2017 15:05:03 Etc/GMT-8] PHP Fatal error:  Call to a member function GetInnerText() on a non-object in F:\themeroot\theme1320\wwwroot\include\customfields.func.php on line 539
[01-Aug-2017 00:14:25 Etc/GMT-8] PHP Fatal error:  Call to a member function GetInnerText() on a non-object in F:\themeroot\theme1320\wwwroot\include\customfields.func.php on line 539
[01-Aug-2017 00:14:31 Etc/GMT-8] PHP Fatal error:  Call to a member function GetInnerText() on a non-object in F:\themeroot\theme1320\wwwroot\include\customfields.func.php on line 539
[02-Aug-2017 11:26:24 Etc/GMT-8] PHP Fatal error:  Call to a member function GetInnerText() on a non-object in F:\themeroot\theme1320\wwwroot\include\customfields.func.php on line 539
[02-Aug-2017 15:08:07 Etc/GMT-8] PHP Fatal error:  Call to a member function GetInnerText() on a non-object in F:\themeroot\theme1320\wwwroot\include\customfields.func.php on line 539
[02-Aug-2017 15:41:40 Etc/GMT-8] PHP Fatal error:  Call to a member function GetInnerText() on a non-object in F:\themeroot\theme1320\wwwroot\include\customfields.func.php on line 539
[02-Aug-2017 15:47:26 Etc/GMT-8] PHP Fatal error:  Call to a member function GetInnerText() on a non-object in F:\themeroot\theme1320\wwwroot\include\customfields.func.php on line 539
[02-Aug-2017 15:50:42 Etc/GMT-8] PHP Fatal error:  Call to a member function GetInnerText() on a non-object in F:\themeroot\theme1320\wwwroot\include\customfields.func.php on line 539
[02-Aug-2017 15:53:46 Etc/GMT-8] PHP Fatal error:  Call to a member function GetInnerText() on a non-object in F:\themeroot\theme1320\wwwroot\include\customfields.func.php on line 539
[02-Aug-2017 15:56:30 Etc/GMT-8] PHP Fatal error:  Call to a member function GetInnerText() on a non-object in F:\themeroot\theme1320\wwwroot\include\customfields.func.php on line 539
[02-Aug-2017 15:56:44 Etc/GMT-8] PHP Fatal error:  Call to a member function GetInnerText() on a non-object in F:\themeroot\theme1320\wwwroot\include\customfields.func.php on line 539
[02-Aug-2017 15:56:49 Etc/GMT-8] PHP Fatal error:  Call to a member function GetInnerText() on a non-object in F:\themeroot\theme1320\wwwroot\include\customfields.func.php on line 539
[02-Aug-2017 16:00:46 Etc/GMT-8] PHP Fatal error:  Call to a member function GetInnerText() on a non-object in F:\themeroot\theme1320\wwwroot\include\customfields.func.php on line 539
[02-Aug-2017 16:13:36 Etc/GMT-8] PHP Fatal error:  Call to a member function GetInnerText() on a non-object in F:\themeroot\theme1320\wwwroot\include\customfields.func.php on line 539
[02-Aug-2017 16:13:46 Etc/GMT-8] PHP Fatal error:  Call to a member function GetInnerText() on a non-object in F:\themeroot\theme1320\wwwroot\include\customfields.func.php on line 539
[02-Aug-2017 16:14:07 Etc/GMT-8] PHP Fatal error:  Call to a member function GetInnerText() on a non-object in F:\themeroot\theme1320\wwwroot\include\customfields.func.php on line 539
[02-Aug-2017 16:14:24 Etc/GMT-8] PHP Fatal error:  Call to a member function GetInnerText() on a non-object in F:\themeroot\theme1320\wwwroot\include\customfields.func.php on line 539
[02-Aug-2017 16:15:17 Etc/GMT-8] PHP Fatal error:  Call to a member function GetInnerText() on a non-object in F:\themeroot\theme1320\wwwroot\include\customfields.func.php on line 539
[02-Aug-2017 16:16:03 Etc/GMT-8] PHP Fatal error:  Call to a member function GetInnerText() on a non-object in F:\themeroot\theme1320\wwwroot\include\customfields.func.php on line 539
[02-Aug-2017 16:18:48 Etc/GMT-8] PHP Fatal error:  Call to a member function GetInnerText() on a non-object in F:\themeroot\theme1320\wwwroot\include\customfields.func.php on line 539
[03-Aug-2017 10:28:53 Etc/GMT-8] PHP Fatal error:  Call to a member function GetInnerText() on a non-object in F:\themeroot\theme1320\wwwroot\include\customfields.func.php on line 539
[03-Aug-2017 10:31:01 Etc/GMT-8] PHP Fatal error:  Call to a member function GetInnerText() on a non-object in F:\themeroot\theme1320\wwwroot\include\customfields.func.php on line 539
[03-Aug-2017 10:46:30 Etc/GMT-8] PHP Fatal error:  Call to a member function GetInnerText() on a non-object in F:\themeroot\theme1320\wwwroot\include\customfields.func.php on line 539
[03-Aug-2017 11:17:43 Etc/GMT-8] PHP Fatal error:  Call to a member function GetInnerText() on a non-object in F:\themeroot\theme1320\wwwroot\include\customfields.func.php on line 539
[03-Aug-2017 13:49:39 Etc/GMT-8] PHP Fatal error:  Call to a member function GetInnerText() on a non-object in F:\themeroot\theme1320\wwwroot\include\customfields.func.php on line 539
[03-Aug-2017 13:49:50 Etc/GMT-8] PHP Fatal error:  Call to a member function GetInnerText() on a non-object in F:\themeroot\theme1320\wwwroot\include\customfields.func.php on line 539
[03-Aug-2017 18:09:04 Etc/GMT-8] PHP Fatal error:  Out of memory (allocated 1835008) (tried to allocate 8192 bytes) in F:\themeroot\theme1320\wwwroot\include\dedetag.class.php on line 379
[05-Aug-2017 14:02:20 Etc/GMT-8] PHP Fatal error:  Call to a member function GetInnerText() on a non-object in F:\themeroot\theme1320\wwwroot\include\customfields.func.php on line 539
[05-Aug-2017 14:02:31 Etc/GMT-8] PHP Fatal error:  Call to a member function GetInnerText() on a non-object in F:\themeroot\theme1320\wwwroot\include\customfields.func.php on line 539
[05-Aug-2017 14:19:38 Etc/GMT-8] PHP Fatal error:  Call to a member function GetInnerText() on a non-object in F:\themeroot\theme1320\wwwroot\include\customfields.func.php on line 539
[07-Aug-2017 09:13:39 Etc/GMT-8] PHP Fatal error:  Call to a member function GetInnerText() on a non-object in F:\themeroot\theme1320\wwwroot\include\customfields.func.php on line 539
[08-Aug-2017 10:30:41 Etc/GMT-8] PHP Fatal error:  Call to a member function GetInnerText() on a non-object in F:\themeroot\theme1320\wwwroot\include\customfields.func.php on line 539
[08-Aug-2017 10:31:52 Etc/GMT-8] PHP Fatal error:  Call to a member function GetInnerText() on a non-object in F:\themeroot\theme1320\wwwroot\include\customfields.func.php on line 539
[08-Aug-2017 10:36:25 Etc/GMT-8] PHP Fatal error:  Call to a member function GetInnerText() on a non-object in F:\themeroot\theme1320\wwwroot\include\customfields.func.php on line 539
[08-Aug-2017 10:39:18 Etc/GMT-8] PHP Fatal error:  Call to a member function GetInnerText() on a non-object in F:\themeroot\theme1320\wwwroot\include\customfields.func.php on line 539
[08-Aug-2017 11:21:46 Etc/GMT-8] PHP Fatal error:  Call to a member function GetInnerText() on a non-object in F:\themeroot\theme1320\wwwroot\include\customfields.func.php on line 539
[08-Aug-2017 16:08:39 Etc/GMT-8] PHP Fatal error:  Call to a member function GetInnerText() on a non-object in F:\themeroot\theme1320\wwwroot\include\customfields.func.php on line 539
