[09-Aug-2017 13:57:34 Asia/Shanghai] PHP Notice:  Undefined index: echostr in F:\themeroot\theme1320\wwwroot\include\wx.php on line 15
[09-Aug-2017 13:57:34 Asia/Shanghai] PHP Notice:  Undefined index: signature in F:\themeroot\theme1320\wwwroot\include\wx.php on line 58
[09-Aug-2017 13:57:34 Asia/Shanghai] PHP Notice:  Undefined index: timestamp in F:\themeroot\theme1320\wwwroot\include\wx.php on line 59
[09-Aug-2017 13:57:34 Asia/Shanghai] PHP Notice:  Undefined index: nonce in F:\themeroot\theme1320\wwwroot\include\wx.php on line 60
[09-Aug-2017 13:58:57 Asia/Shanghai] PHP Warning:  include_once(wxBizMsgCrypt.php): failed to open stream: No such file or directory in F:\themeroot\theme1320\wwwroot\include\wx.php on line 3
[09-Aug-2017 13:58:57 Asia/Shanghai] PHP Warning:  include_once(): Failed opening 'wxBizMsgCrypt.php' for inclusion (include_path='.;C:\php\pear') in F:\themeroot\theme1320\wwwroot\include\wx.php on line 3
[09-Aug-2017 13:58:57 Asia/Shanghai] PHP Fatal error:  Class 'WXBizMsgCrypt' not found in F:\themeroot\theme1320\wwwroot\include\wx.php on line 14
[09-Aug-2017 16:36:52 Asia/Shanghai] PHP Notice:  Undefined property: wechatCallbackapiTest::$checkSignature in F:\themeroot\theme1320\wwwroot\include\wx.class.php on line 17
[09-Aug-2017 16:41:08 Asia/Shanghai] PHP Notice:  Undefined property: wechatCallbackapiTest::$checkSignature in F:\themeroot\theme1320\wwwroot\include\wx.class.php on line 17
[09-Aug-2017 16:42:43 Asia/Shanghai] PHP Notice:  Undefined property: wechatCallbackapiTest::$checkSignature in F:\themeroot\theme1320\wwwroot\include\wx.class.php on line 17
[09-Aug-2017 16:51:40 Asia/Shanghai] PHP Notice:  Undefined property: wechatCallbackapiTest::$checkSignature in F:\themeroot\theme1320\wwwroot\include\wx.class.php on line 17
[09-Aug-2017 16:53:03 Asia/Shanghai] PHP Notice:  Undefined property: wechatCallbackapiTest::$checkSignature in F:\themeroot\theme1320\wwwroot\include\wx.class.php on line 17
[09-Aug-2017 16:55:32 Asia/Shanghai] PHP Notice:  Undefined property: wechatCallbackapiTest::$checkSignature in F:\themeroot\theme1320\wwwroot\include\wx.class.php on line 17
[09-Aug-2017 16:55:42 Asia/Shanghai] PHP Notice:  Undefined index: echostr in F:\themeroot\theme1320\wwwroot\include\wx.class.php on line 15
[09-Aug-2017 16:55:42 Asia/Shanghai] PHP Notice:  Undefined property: wechatCallbackapiTest::$checkSignature in F:\themeroot\theme1320\wwwroot\include\wx.class.php on line 17
[09-Aug-2017 16:55:53 Asia/Shanghai] PHP Notice:  Undefined property: wechatCallbackapiTest::$checkSignature in F:\themeroot\theme1320\wwwroot\include\wx.class.php on line 17
[09-Aug-2017 16:57:15 Asia/Shanghai] PHP Notice:  Undefined property: wechatCallbackapiTest::$checkSignature in F:\themeroot\theme1320\wwwroot\include\wx.class.php on line 17
[09-Aug-2017 16:58:57 Asia/Shanghai] PHP Notice:  Undefined property: wechatCallbackapiTest::$checkSignature in F:\themeroot\theme1320\wwwroot\include\wx.class.php on line 17
[09-Aug-2017 17:00:01 Asia/Shanghai] PHP Notice:  Undefined property: wechatCallbackapiTest::$checkSignature in F:\themeroot\theme1320\wwwroot\include\wx.class.php on line 17
[09-Aug-2017 17:00:39 Asia/Shanghai] PHP Notice:  Undefined index: echostr in F:\themeroot\theme1320\wwwroot\include\wx.class.php on line 15
[09-Aug-2017 17:00:39 Asia/Shanghai] PHP Notice:  Undefined index: signature in F:\themeroot\theme1320\wwwroot\include\wx.class.php on line 65
[09-Aug-2017 17:00:39 Asia/Shanghai] PHP Notice:  Undefined index: timestamp in F:\themeroot\theme1320\wwwroot\include\wx.class.php on line 66
[09-Aug-2017 17:00:39 Asia/Shanghai] PHP Notice:  Undefined index: nonce in F:\themeroot\theme1320\wwwroot\include\wx.class.php on line 67
[09-Aug-2017 17:11:04 Asia/Shanghai] PHP Notice:  Undefined index: echostr in F:\themeroot\theme1320\wwwroot\include\wx.class.php on line 15
[09-Aug-2017 17:11:04 Asia/Shanghai] PHP Notice:  Undefined index: signature in F:\themeroot\theme1320\wwwroot\include\wx.class.php on line 70
[09-Aug-2017 17:11:04 Asia/Shanghai] PHP Notice:  Undefined index: timestamp in F:\themeroot\theme1320\wwwroot\include\wx.class.php on line 71
[09-Aug-2017 17:11:04 Asia/Shanghai] PHP Notice:  Undefined index: nonce in F:\themeroot\theme1320\wwwroot\include\wx.class.php on line 72
[09-Aug-2017 17:11:07 Asia/Shanghai] PHP Notice:  Undefined index: echostr in F:\themeroot\theme1320\wwwroot\include\wx.class.php on line 15
[09-Aug-2017 17:11:07 Asia/Shanghai] PHP Notice:  Undefined index: signature in F:\themeroot\theme1320\wwwroot\include\wx.class.php on line 70
[09-Aug-2017 17:11:07 Asia/Shanghai] PHP Notice:  Undefined index: timestamp in F:\themeroot\theme1320\wwwroot\include\wx.class.php on line 71
[09-Aug-2017 17:11:07 Asia/Shanghai] PHP Notice:  Undefined index: nonce in F:\themeroot\theme1320\wwwroot\include\wx.class.php on line 72
[10-Aug-2017 11:35:17 Asia/Shanghai] PHP Notice:  Undefined index: echostr in F:\themeroot\theme1320\wwwroot\include\wx.class.php on line 15
[10-Aug-2017 11:37:08 Asia/Shanghai] PHP Notice:  Undefined index: echostr in F:\themeroot\theme1320\wwwroot\include\wx.class.php on line 15
[10-Aug-2017 11:37:15 Asia/Shanghai] PHP Notice:  Undefined index: echostr in F:\themeroot\theme1320\wwwroot\include\wx.class.php on line 15
[10-Aug-2017 11:37:31 Asia/Shanghai] PHP Notice:  Undefined index: echostr in F:\themeroot\theme1320\wwwroot\include\wx.class.php on line 15
[10-Aug-2017 11:41:45 Asia/Shanghai] PHP Notice:  Undefined index: echostr in F:\themeroot\theme1320\wwwroot\include\wx.class.php on line 15
[10-Aug-2017 11:41:54 Asia/Shanghai] PHP Notice:  Undefined index: echostr in F:\themeroot\theme1320\wwwroot\include\wx.class.php on line 15
[10-Aug-2017 11:51:24 Asia/Shanghai] PHP Notice:  Undefined index: echostr in F:\themeroot\theme1320\wwwroot\include\wx.class.php on line 15
[10-Aug-2017 11:52:15 Asia/Shanghai] PHP Notice:  Undefined index: echostr in F:\themeroot\theme1320\wwwroot\include\wx.class.php on line 15
[10-Aug-2017 11:52:18 Asia/Shanghai] PHP Notice:  Undefined index: echostr in F:\themeroot\theme1320\wwwroot\include\wx.class.php on line 15
[10-Aug-2017 11:57:31 Asia/Shanghai] PHP Notice:  Undefined index: echostr in F:\themeroot\theme1320\wwwroot\include\wx.class.php on line 15
[11-Aug-2017 17:51:30 Asia/Shanghai] PHP Notice:  Undefined index: HTTP_RAW_POST_DATA in F:\themeroot\theme1320\wwwroot\include\wx.class.php on line 49
[11-Aug-2017 18:00:10 Asia/Shanghai] PHP Notice:  Undefined index: HTTP_RAW_POST_DATA in F:\themeroot\theme1320\wwwroot\include\wx.class.php on line 49
[12-Aug-2017 15:40:17 Asia/Shanghai] PHP Fatal error:  Call to undefined function helper() in F:\themeroot\theme1320\wwwroot\include\downmix.inc.php on line 13
