[27-Jul-2017 09:08:56 Asia/Shanghai] PHP Parse error:  syntax error, unexpected 'preg_match' (T_STRING), expecting '(' in F:\themeroot\theme1320\wwwroot\plus\diy.php on line 41
[27-Jul-2017 09:35:01 Asia/Shanghai] PHP Parse error:  syntax error, unexpected 'preg_match' (T_STRING), expecting '(' in F:\themeroot\theme1320\wwwroot\plus\diy.php on line 41
[27-Jul-2017 09:35:40 Asia/Shanghai] PHP Parse error:  syntax error, unexpected 'preg_match' (T_STRING), expecting '(' in F:\themeroot\theme1320\wwwroot\plus\diy.php on line 41
[27-Jul-2017 09:36:00 Asia/Shanghai] PHP Parse error:  syntax error, unexpected 'preg_match' (T_STRING), expecting '(' in F:\themeroot\theme1320\wwwroot\plus\diy.php on line 41
[27-Jul-2017 09:36:24 Asia/Shanghai] PHP Parse error:  syntax error, unexpected 'preg_match' (T_STRING), expecting '(' in F:\themeroot\theme1320\wwwroot\plus\diy.php on line 41
[27-Jul-2017 09:36:58 Asia/Shanghai] PHP Parse error:  syntax error, unexpected 'preg_match' (T_STRING), expecting '(' in F:\themeroot\theme1320\wwwroot\plus\diy.php on line 41
[27-Jul-2017 09:37:48 Asia/Shanghai] PHP Parse error:  syntax error, unexpected 'preg_match' (T_STRING), expecting '(' in F:\themeroot\theme1320\wwwroot\plus\diy.php on line 41
[27-Jul-2017 22:17:44 Etc/GMT-8] PHP Fatal error:  Call to undefined function ClearMyAddon() in F:\themeroot\theme1320\wwwroot\plus\diy.php on line 54
[27-Jul-2017 22:18:56 Etc/GMT-8] PHP Fatal error:  Call to undefined function ClearMyAddon() in F:\themeroot\theme1320\wwwroot\plus\diy.php on line 55
[27-Jul-2017 22:19:31 Etc/GMT-8] PHP Fatal error:  Call to undefined function ClearMyAddon() in F:\themeroot\theme1320\wwwroot\plus\diy.php on line 55
[27-Jul-2017 22:21:42 Etc/GMT-8] PHP Fatal error:  Call to undefined function ClearMyAddon() in F:\themeroot\theme1320\wwwroot\plus\diy.php on line 55
[27-Jul-2017 22:22:17 Etc/GMT-8] PHP Fatal error:  Call to undefined function ClearMyAddon() in F:\themeroot\theme1320\wwwroot\plus\diy.php on line 55
[27-Jul-2017 22:26:59 Etc/GMT-8] PHP Fatal error:  Call to undefined function ClearMyAddon() in F:\themeroot\theme1320\wwwroot\plus\diy.php on line 55
[27-Jul-2017 22:29:17 Etc/GMT-8] PHP Fatal error:  Call to undefined function ClearMyAddon() in F:\themeroot\theme1320\wwwroot\plus\diy.php on line 55
[27-Jul-2017 22:37:58 Etc/GMT-8] PHP Fatal error:  Call to undefined function ClearMyAddon() in F:\themeroot\theme1320\wwwroot\plus\diy.php on line 55
[28-Jul-2017 19:43:15 Etc/GMT-8] PHP Fatal error:  Call to a member function IsLogin() on a non-object in F:\themeroot\theme1320\wwwroot\templets\plus\vote.htm on line 29
[28-Jul-2017 19:43:57 Etc/GMT-8] PHP Fatal error:  Call to a member function IsLogin() on a non-object in F:\themeroot\theme1320\wwwroot\templets\plus\vote.htm on line 29
[28-Jul-2017 19:45:05 Etc/GMT-8] PHP Fatal error:  Call to a member function IsLogin() on a non-object in F:\themeroot\theme1320\wwwroot\templets\plus\vote.htm on line 29
[28-Jul-2017 19:45:07 Etc/GMT-8] PHP Fatal error:  Call to a member function IsLogin() on a non-object in F:\themeroot\theme1320\wwwroot\templets\plus\vote.htm on line 29
[28-Jul-2017 19:47:44 Etc/GMT-8] PHP Fatal error:  Call to a member function IsLogin() on a non-object in F:\themeroot\theme1320\wwwroot\templets\plus\vote.htm on line 29
[28-Jul-2017 19:47:54 Etc/GMT-8] PHP Fatal error:  Call to a member function IsLogin() on a non-object in F:\themeroot\theme1320\wwwroot\templets\plus\vote.htm on line 29
[28-Jul-2017 19:49:20 Etc/GMT-8] PHP Fatal error:  Call to a member function IsLogin() on a non-object in F:\themeroot\theme1320\wwwroot\templets\plus\vote.htm on line 29
[09-Aug-2017 15:31:44 Etc/GMT-8] PHP Fatal error:  Call to undefined method DataListCP::LoadTemplate() in F:\themeroot\theme1320\wwwroot\plus\toupiao.php on line 33
[09-Aug-2017 15:31:50 Etc/GMT-8] PHP Fatal error:  Call to undefined method DataListCP::LoadTemplate() in F:\themeroot\theme1320\wwwroot\plus\toupiao.php on line 33
[09-Aug-2017 15:32:07 Etc/GMT-8] PHP Fatal error:  Call to undefined method DataListCP::LoadTemplate() in F:\themeroot\theme1320\wwwroot\plus\toupiao.php on line 32
[09-Aug-2017 15:33:08 Etc/GMT-8] PHP Fatal error:  Call to undefined method DataListCP::LoadTemplate() in F:\themeroot\theme1320\wwwroot\plus\toupiao.php on line 33
[09-Aug-2017 15:33:10 Etc/GMT-8] PHP Fatal error:  Call to undefined method DataListCP::LoadTemplate() in F:\themeroot\theme1320\wwwroot\plus\toupiao.php on line 33
[09-Aug-2017 15:33:15 Etc/GMT-8] PHP Fatal error:  Call to undefined method DataListCP::LoadTemplate() in F:\themeroot\theme1320\wwwroot\plus\toupiao.php on line 33
[09-Aug-2017 15:33:44 Etc/GMT-8] PHP Fatal error:  Call to undefined method DataListCP::LoadTemplate() in F:\themeroot\theme1320\wwwroot\plus\toupiao.php on line 32
[09-Aug-2017 15:34:08 Etc/GMT-8] PHP Fatal error:  Call to undefined method DataListCP::LoadTemplate() in F:\themeroot\theme1320\wwwroot\plus\toupiao.php on line 32
[09-Aug-2017 15:34:10 Etc/GMT-8] PHP Fatal error:  Call to undefined method DataListCP::LoadTemplate() in F:\themeroot\theme1320\wwwroot\plus\toupiao.php on line 32
[09-Aug-2017 15:34:18 Etc/GMT-8] PHP Fatal error:  Call to undefined method DataListCP::LoadTemplate() in F:\themeroot\theme1320\wwwroot\plus\toupiao.php on line 32
[09-Aug-2017 15:36:20 Etc/GMT-8] PHP Fatal error:  Call to undefined method DataListCP::LoadTemplate() in F:\themeroot\theme1320\wwwroot\plus\toupiao.php on line 32
[09-Aug-2017 15:37:53 Etc/GMT-8] PHP Fatal error:  Call to undefined method DataListCP::LoadTemplate() in F:\themeroot\theme1320\wwwroot\plus\toupiao.php on line 32
[09-Aug-2017 15:37:57 Etc/GMT-8] PHP Fatal error:  Call to undefined method DataListCP::LoadTemplate() in F:\themeroot\theme1320\wwwroot\plus\toupiao.php on line 32
[09-Aug-2017 15:40:14 Etc/GMT-8] PHP Fatal error:  Call to undefined method DataListCP::LoadTemplate() in F:\themeroot\theme1320\wwwroot\plus\toupiao.php on line 32
[09-Aug-2017 16:14:28 Etc/GMT-8] PHP Fatal error:  Call to undefined method DedeTemplate::LoadSource() in F:\themeroot\theme1320\wwwroot\plus\toupiao.php on line 23
[09-Aug-2017 16:14:41 Etc/GMT-8] PHP Fatal error:  Call to undefined method DedeTemplate::LoadSource() in F:\themeroot\theme1320\wwwroot\plus\toupiao.php on line 23
[09-Aug-2017 16:15:37 Etc/GMT-8] PHP Fatal error:  Call to undefined method DedeTemplate::LoadSource() in F:\themeroot\theme1320\wwwroot\plus\toupiao.php on line 24
[09-Aug-2017 16:16:05 Etc/GMT-8] PHP Fatal error:  Call to undefined method DedeTemplate::LoadSource() in F:\themeroot\theme1320\wwwroot\plus\toupiao.php on line 24
[09-Aug-2017 16:18:06 Etc/GMT-8] PHP Fatal error:  Call to undefined method DedeTemplate::SetSource() in F:\themeroot\theme1320\wwwroot\plus\toupiao.php on line 25
[12-Aug-2017 15:38:26 Etc/GMT-8] PHP Fatal error:  Call to undefined method Cod::respond() in F:\themeroot\theme1320\wwwroot\plus\carbuyaction.php on line 341
